{
  "stats": {
    "suites": 1,
    "tests": 1,
    "passes": 1,
    "pending": 0,
    "failures": 0,
    "start": "2023-08-16T04:17:35.627Z",
    "end": "2023-08-16T04:17:38.627Z",
    "duration": 3000,
    "testsRegistered": 1,
    "passPercent": 100,
    "pendingPercent": 0,
    "other": 0,
    "hasOther": false,
    "skipped": 0,
    "hasSkipped": false
  },
  "results": [
    {
      "uuid": "468487d7-94ff-4177-9900-5e7802107a16",
      "title": "",
      "fullFile": "cypress\\e2e\\apiTest.cy.js",
      "file": "cypress\\e2e\\apiTest.cy.js",
      "beforeHooks": [],
      "afterHooks": [],
      "tests": [],
      "suites": [
        {
          "uuid": "371d513c-9901-4ceb-9d68-92b7e6dc919b",
          "title": "my first api test",
          "fullFile": "",
          "file": "",
          "beforeHooks": [],
          "afterHooks": [],
          "tests": [
            {
              "title": "to test api first approach",
              "fullTitle": "my first api test to test api first approach",
              "timedOut": null,
              "duration": 2610,
              "state": "passed",
              "speed": "fast",
              "pass": true,
              "fail": false,
              "pending": false,
              "context": "{\n  \"title\": \"cypress-mochawesome-reporter-videos-passed\",\n  \"value\": \"cypress\\\\e2e\\\\apiTest.cy.js\"\n}",
              "code": "cy.request({\n  method: 'POST',\n  url: 'https://reqres.in/api/users',\n  body: {\n    \"name\": \"morpheus\",\n    \"job\": \"leader\"\n  }\n}).then(({\n  status\n}) => {\n  expect(status).to.eq(201);\n});",
              "err": {},
              "uuid": "63106d09-dbdb-4086-99ee-e5a4c52f3c87",
              "parentUUID": "371d513c-9901-4ceb-9d68-92b7e6dc919b",
              "isHook": false,
              "skipped": false
            }
          ],
          "suites": [],
          "passes": [
            "63106d09-dbdb-4086-99ee-e5a4c52f3c87"
          ],
          "failures": [],
          "pending": [],
          "skipped": [],
          "duration": 2610,
          "root": false,
          "rootEmpty": false,
          "_timeout": 2000
        }
      ],
      "passes": [],
      "failures": [],
      "pending": [],
      "skipped": [],
      "duration": 0,
      "root": true,
      "rootEmpty": true,
      "_timeout": 2000
    }
  ],
  "meta": {
    "mocha": {
      "version": "7.0.1"
    },
    "mochawesome": {
      "options": {
        "quiet": false,
        "reportFilename": "mochawesome",
        "saveHtml": false,
        "saveJson": true,
        "consoleReporter": "spec",
        "useInlineDiffs": false,
        "code": true
      },
      "version": "7.1.3"
    },
    "marge": {
      "options": {
        "overwrite": false,
        "html": false,
        "json": true,
        "reportDir": "cypress\\reports\\html\\.jsons"
      },
      "version": "6.2.0"
    }
  }
}