{
  "stats": {
    "suites": 1,
    "tests": 3,
    "passes": 1,
    "pending": 0,
    "failures": 2,
    "start": "2023-08-16T04:17:51.220Z",
    "end": "2023-08-16T04:18:00.114Z",
    "duration": 8894,
    "testsRegistered": 3,
    "passPercent": 33.33333333333333,
    "pendingPercent": 0,
    "other": 0,
    "hasOther": false,
    "skipped": 0,
    "hasSkipped": false
  },
  "results": [
    {
      "uuid": "02cf693a-90ab-46ea-bae2-526b449598a4",
      "title": "",
      "fullFile": "cypress\\e2e\\home.cy.js",
      "file": "cypress\\e2e\\home.cy.js",
      "beforeHooks": [],
      "afterHooks": [],
      "tests": [],
      "suites": [
        {
          "uuid": "2c672767-f1fe-44b8-9a75-c311cee44939",
          "title": "testing blog page",
          "fullFile": "",
          "file": "",
          "beforeHooks": [],
          "afterHooks": [],
          "tests": [
            {
              "title": "should visit the blog page",
              "fullTitle": "testing blog page should visit the blog page",
              "timedOut": null,
              "duration": 5506,
              "state": "failed",
              "speed": null,
              "pass": false,
              "fail": true,
              "pending": false,
              "context": "[\n  {\n    \"title\": \"cypress-mochawesome-reporter-videos-failed\",\n    \"value\": \"cypress\\\\e2e\\\\home.cy.js\"\n  },\n  {\n    \"title\": \"cypress-mochawesome-reporter-screenshots\",\n    \"value\": [\n      [\n        \"\\\\home.cy.js\\\\testing blog page -- should visit the blog page (failed).png\"\n      ]\n    ]\n  }\n]",
              "code": "cy.title().should(\"eq\", \"Blog - Poco theme\");",
              "err": {
                "message": "AssertionError: Timed out retrying after 4000ms: expected '' to equal 'Blog - Poco theme'",
                "estack": "AssertionError: Timed out retrying after 4000ms: expected '' to equal 'Blog - Poco theme'\n    at Context.eval (webpack:///./cypress/e2e/home.cy.js:11:16)",
                "diff": "+ 'Blog - Poco theme'\n"
              },
              "uuid": "7b0a5063-f288-4208-9c52-582afa2c7b7f",
              "parentUUID": "2c672767-f1fe-44b8-9a75-c311cee44939",
              "isHook": false,
              "skipped": false
            },
            {
              "title": "should have correct category names",
              "fullTitle": "testing blog page should have correct category names",
              "timedOut": null,
              "duration": 1193,
              "state": "failed",
              "speed": null,
              "pass": false,
              "fail": true,
              "pending": false,
              "context": "[\n  {\n    \"title\": \"cypress-mochawesome-reporter-videos-failed\",\n    \"value\": \"cypress\\\\e2e\\\\home.cy.js\"\n  },\n  {\n    \"title\": \"cypress-mochawesome-reporter-screenshots\",\n    \"value\": [\n      [\n        \"\\\\home.cy.js\\\\testing blog page -- should have correct category names (failed).png\"\n      ]\n    ]\n  }\n]",
              "code": "blog.getFirstCategoryButton().should(\"contain.text\", \"Business\");\nblog.getSecondCategoryButton().should(\"contain.text\", \"Electronics\");\nblog.getThirdCategoryButton().should(\"contain.text\", \"Technology\");",
              "err": {
                "message": "ReferenceError: blog is not defined",
                "estack": "ReferenceError: blog is not defined\n    at Context.eval (webpack:///./cypress/e2e/home.cy.js:15:5)",
                "diff": null
              },
              "uuid": "24302c42-e885-40aa-9855-5d2557cb9f85",
              "parentUUID": "2c672767-f1fe-44b8-9a75-c311cee44939",
              "isHook": false,
              "skipped": false
            },
            {
              "title": "to test api first approach",
              "fullTitle": "testing blog page to test api first approach",
              "timedOut": null,
              "duration": 852,
              "state": "passed",
              "speed": "fast",
              "pass": true,
              "fail": false,
              "pending": false,
              "context": "{\n  \"title\": \"cypress-mochawesome-reporter-videos-passed\",\n  \"value\": \"cypress\\\\e2e\\\\home.cy.js\"\n}",
              "code": "cy.request({\n  method: 'POST',\n  url: 'https://reqres.in/api/users',\n  body: {\n    \"name\": \"morpheus\",\n    \"job\": \"leader\"\n  }\n}).then(({\n  status\n}) => {\n  expect(status).to.eq(201);\n});",
              "err": {},
              "uuid": "b4f6cbac-01a7-4f0d-b668-5b6aa1aa0e8f",
              "parentUUID": "2c672767-f1fe-44b8-9a75-c311cee44939",
              "isHook": false,
              "skipped": false
            }
          ],
          "suites": [],
          "passes": [
            "b4f6cbac-01a7-4f0d-b668-5b6aa1aa0e8f"
          ],
          "failures": [
            "7b0a5063-f288-4208-9c52-582afa2c7b7f",
            "24302c42-e885-40aa-9855-5d2557cb9f85"
          ],
          "pending": [],
          "skipped": [],
          "duration": 7551,
          "root": false,
          "rootEmpty": false,
          "_timeout": 2000
        }
      ],
      "passes": [],
      "failures": [],
      "pending": [],
      "skipped": [],
      "duration": 0,
      "root": true,
      "rootEmpty": true,
      "_timeout": 2000
    }
  ],
  "meta": {
    "mocha": {
      "version": "7.0.1"
    },
    "mochawesome": {
      "options": {
        "quiet": false,
        "reportFilename": "mochawesome",
        "saveHtml": false,
        "saveJson": true,
        "consoleReporter": "spec",
        "useInlineDiffs": false,
        "code": true
      },
      "version": "7.1.3"
    },
    "marge": {
      "options": {
        "overwrite": false,
        "html": false,
        "json": true,
        "reportDir": "cypress\\reports\\html\\.jsons"
      },
      "version": "6.2.0"
    }
  }
}