{
  "stats": {
    "suites": 1,
    "tests": 1,
    "passes": 1,
    "pending": 0,
    "failures": 0,
    "start": "2023-08-16T04:16:53.030Z",
    "end": "2023-08-16T04:17:22.152Z",
    "duration": 29122,
    "testsRegistered": 1,
    "passPercent": 100,
    "pendingPercent": 0,
    "other": 0,
    "hasOther": false,
    "skipped": 0,
    "hasSkipped": false
  },
  "results": [
    {
      "uuid": "f4e815f9-c183-40aa-9aad-bba560b537e7",
      "title": "",
      "fullFile": "cypress\\e2e\\GoogleSearchText.cy.js",
      "file": "cypress\\e2e\\GoogleSearchText.cy.js",
      "beforeHooks": [],
      "afterHooks": [],
      "tests": [],
      "suites": [
        {
          "uuid": "c6d06c15-7e93-4d1e-856f-3d2e2e270479",
          "title": "Google Home Page Test",
          "fullFile": "",
          "file": "",
          "beforeHooks": [],
          "afterHooks": [],
          "tests": [
            {
              "title": "Enter Text in Google Search bar",
              "fullTitle": "Google Home Page Test Enter Text in Google Search bar",
              "timedOut": null,
              "duration": 24704,
              "state": "passed",
              "speed": "slow",
              "pass": true,
              "fail": false,
              "pending": false,
              "context": "[\n  {\n    \"title\": \"cypress-mochawesome-reporter-videos-passed\",\n    \"value\": \"cypress\\\\e2e\\\\GoogleSearchText.cy.js\"\n  },\n  {\n    \"title\": \"cypress-mochawesome-reporter-screenshots\",\n    \"value\": [\n      [\n        \"\\\\GoogleSearchText.cy.js\\\\cypress\\\\screenshots\\\\googleSearchCompleted.png.png\"\n      ]\n    ]\n  }\n]",
              "code": "ghp.enterTextInTextBox('Cypress');\nghp.clickOnGoogleLogo();\nghp.clickGoogleSearchButton();\ncy.get(ghp.googleHomePageTextBox).should('have.value', 'Cypress');\ncy.screenshot('cypress/screenshots/googleSearchCompleted.png');\nghp.clickOnSearchedResult();",
              "err": {},
              "uuid": "cafa38b0-b298-4668-a677-b132dd4ed478",
              "parentUUID": "c6d06c15-7e93-4d1e-856f-3d2e2e270479",
              "isHook": false,
              "skipped": false
            }
          ],
          "suites": [],
          "passes": [
            "cafa38b0-b298-4668-a677-b132dd4ed478"
          ],
          "failures": [],
          "pending": [],
          "skipped": [],
          "duration": 24704,
          "root": false,
          "rootEmpty": false,
          "_timeout": 2000
        }
      ],
      "passes": [],
      "failures": [],
      "pending": [],
      "skipped": [],
      "duration": 0,
      "root": true,
      "rootEmpty": true,
      "_timeout": 2000
    }
  ],
  "meta": {
    "mocha": {
      "version": "7.0.1"
    },
    "mochawesome": {
      "options": {
        "quiet": false,
        "reportFilename": "mochawesome",
        "saveHtml": false,
        "saveJson": true,
        "consoleReporter": "spec",
        "useInlineDiffs": false,
        "code": true
      },
      "version": "7.1.3"
    },
    "marge": {
      "options": {
        "overwrite": false,
        "html": false,
        "json": true,
        "reportDir": "cypress\\reports\\html\\.jsons"
      },
      "version": "6.2.0"
    }
  }
}