{
  "stats": {
    "suites": 0,
    "tests": 1,
    "passes": 0,
    "pending": 0,
    "failures": 1,
    "start": "2023-08-25T19:50:09.024Z",
    "end": "2023-08-25T19:50:10.419Z",
    "duration": 1395,
    "testsRegistered": 1,
    "passPercent": 0,
    "pendingPercent": 0,
    "other": 0,
    "hasOther": false,
    "skipped": 0,
    "hasSkipped": false
  },
  "results": [
    {
      "uuid": "e6b6fb18-1be6-4cf3-95da-18c0b8b300e3",
      "title": "",
      "fullFile": "cypress\\e2e\\iframeExample.cy.js",
      "file": "cypress\\e2e\\iframeExample.cy.js",
      "beforeHooks": [],
      "afterHooks": [],
      "tests": [
        {
          "title": "An uncaught error was detected outside of a test",
          "fullTitle": "An uncaught error was detected outside of a test",
          "timedOut": null,
          "duration": 1330,
          "state": "failed",
          "speed": null,
          "pass": false,
          "fail": true,
          "pending": false,
          "context": "[\n  {\n    \"title\": \"cypress-mochawesome-reporter-videos-failed\",\n    \"value\": \"cypress\\\\e2e\\\\iframeExample.cy.js\"\n  },\n  {\n    \"title\": \"cypress-mochawesome-reporter-screenshots\",\n    \"value\": [\n      [\n        \"\\\\iframeExample.cy.js\\\\An uncaught error was detected outside of a test (failed).png\"\n      ]\n    ]\n  }\n]",
          "code": "throw err;",
          "err": {
            "message": "TypeError: The following error originated from your test code, not from Cypress.\n\n  > Suite argument \"title\" must be a string. Received type \"function\"\n\nWhen Cypress detects uncaught errors originating from your test code it will automatically fail the current test.\n\nCypress could not associate this error to any specific test.\n\nWe dynamically generated a new test to display this failure.",
            "estack": "TypeError: The following error originated from your test code, not from Cypress.\n\n  > Suite argument \"title\" must be a string. Received type \"function\"\n\nWhen Cypress detects uncaught errors originating from your test code it will automatically fail the current test.\n\nCypress could not associate this error to any specific test.\n\nWe dynamically generated a new test to display this failure.\n    at createInvalidArgumentTypeError (https://ecommerce-playground.lambdatest.io/__cypress/runner/cypress_runner.js:109572:13)\n    at new Suite (https://ecommerce-playground.lambdatest.io/__cypress/runner/cypress_runner.js:115740:11)\n    at ../driver/node_modules/mocha/lib/suite.js.Suite.create (https://ecommerce-playground.lambdatest.io/__cypress/runner/cypress_runner.js:115720:15)\n    at Object.create (https://ecommerce-playground.lambdatest.io/__cypress/runner/cypress_runner.js:109934:27)\n    at context.describe.context.context (https://ecommerce-playground.lambdatest.io/__cypress/runner/cypress_runner.js:109727:27)\n    at createRunnable (https://ecommerce-playground.lambdatest.io/__cypress/runner/cypress_runner.js:165808:31)\n    at <unknown> (https://ecommerce-playground.lambdatest.io/__cypress/runner/cypress_runner.js:165869:14)\n    at <unknown> (https://ecommerce-playground.lambdatest.io/__cypress/runner/cypress_runner.js:168482:23)\n    at tryCatcher (https://ecommerce-playground.lambdatest.io/__cypress/runner/cypress_runner.js:18744:23)\n    at Object.gotValue (https://ecommerce-playground.lambdatest.io/__cypress/runner/cypress_runner.js:17886:18)\n    at Object.gotAccum (https://ecommerce-playground.lambdatest.io/__cypress/runner/cypress_runner.js:17875:25)\n    at Object.tryCatcher (https://ecommerce-playground.lambdatest.io/__cypress/runner/cypress_runner.js:18744:23)\n    at Promise._settlePromiseFromHandler (https://ecommerce-playground.lambdatest.io/__cypress/runner/cypress_runner.js:16679:31)\n    at Promise._settlePromise (https://ecommerce-playground.lambdatest.io/__cypress/runner/cypress_runner.js:16736:18)\n    at Promise._settlePromise0 (https://ecommerce-playground.lambdatest.io/__cypress/runner/cypress_runner.js:16781:10)\n    at Promise._settlePromises (https://ecommerce-playground.lambdatest.io/__cypress/runner/cypress_runner.js:16861:18)\n    at _drainQueueStep (https://ecommerce-playground.lambdatest.io/__cypress/runner/cypress_runner.js:13451:12)\n    at _drainQueue (https://ecommerce-playground.lambdatest.io/__cypress/runner/cypress_runner.js:13444:9)\n    at ../../node_modules/bluebird/js/release/async.js.Async._drainQueues (https://ecommerce-playground.lambdatest.io/__cypress/runner/cypress_runner.js:13460:5)\n    at Async.drainQueues (https://ecommerce-playground.lambdatest.io/__cypress/runner/cypress_runner.js:13330:14)",
            "diff": null
          },
          "uuid": "2cd2e50b-2770-4d98-bbb7-12ee0f02795a",
          "parentUUID": "e6b6fb18-1be6-4cf3-95da-18c0b8b300e3",
          "isHook": false,
          "skipped": false
        }
      ],
      "suites": [],
      "passes": [],
      "failures": [
        "2cd2e50b-2770-4d98-bbb7-12ee0f02795a"
      ],
      "pending": [],
      "skipped": [],
      "duration": 1330,
      "root": true,
      "rootEmpty": false,
      "_timeout": 2000
    }
  ],
  "meta": {
    "mocha": {
      "version": "7.0.1"
    },
    "mochawesome": {
      "options": {
        "quiet": false,
        "reportFilename": "mochawesome",
        "saveHtml": false,
        "saveJson": true,
        "consoleReporter": "spec",
        "useInlineDiffs": false,
        "code": true
      },
      "version": "7.1.3"
    },
    "marge": {
      "options": {
        "overwrite": false,
        "html": false,
        "json": true,
        "reportDir": "cypress\\reports\\html\\.jsons"
      },
      "version": "6.2.0"
    }
  }
}